This program should be regarded as a DEBUGGING aid, not as a 
certifier of correctness.
Call with the -l flag or read the license file for terms
and conditions of use.
Run this program with "-h" for the list of options.

Bugs, questions, and comments should be directed to
"murphi@verify.stanford.edu".

Murphi compiler last modified date: Jan 29 1999
Include files   last modified date: Jan 29 1999
==========================================================================

==========================================================================
Murphi Release 3.1
Finite-state Concurrent System Verifier.

Copyright (C) 1992 - 1999 by the Board of Trustees of
Leland Stanford Junior University.

==========================================================================

Protocol: msi_opt

Algorithm:
	Verification by breadth first search.
	with symmetry algorithm 3 -- Heuristic Small Memory Normalization
	with permutation trial limit 10.

Memory usage:

	* The size of each state is 1088 bits (rounded up to 136 bytes).
	* The memory allocated for the hash table and state queue is
	  209 Mbytes.
	  With two words of overhead per state, the maximum size of
	  the state space is 1493717 states.
	   * Use option "-k" or "-m" to increase this, if necessary.
	* Capacity in queue for breadth-first search: 149371 states.
	   * Change the constant gPercentActiveStates in mu_prolog.inc
	     to increase this, if necessary.

Warning: No trace will not be printed in the case of protocol errors!
         Check the options if you want to have error traces.

Progress Report:

	1000 states explored in 0.12s, with 2910 rules fired and 444 states in the queue.
	2000 states explored in 0.15s, with 6058 rules fired and 764 states in the queue.
	3000 states explored in 0.18s, with 9362 rules fired and 1094 states in the queue.
	4000 states explored in 0.20s, with 12488 rules fired and 1495 states in the queue.
	5000 states explored in 0.22s, with 15691 rules fired and 1807 states in the queue.
	6000 states explored in 0.25s, with 18838 rules fired and 2185 states in the queue.
	7000 states explored in 0.27s, with 21818 rules fired and 2616 states in the queue.
	8000 states explored in 0.29s, with 25249 rules fired and 2968 states in the queue.
	9000 states explored in 0.32s, with 28884 rules fired and 3263 states in the queue.
	10000 states explored in 0.34s, with 32468 rules fired and 3584 states in the queue.
	11000 states explored in 0.37s, with 35898 rules fired and 3957 states in the queue.
	12000 states explored in 0.39s, with 39504 rules fired and 4227 states in the queue.
	13000 states explored in 0.42s, with 43298 rules fired and 4467 states in the queue.
	14000 states explored in 0.45s, with 47088 rules fired and 4703 states in the queue.
	15000 states explored in 0.47s, with 50694 rules fired and 4965 states in the queue.
	16000 states explored in 0.50s, with 54910 rules fired and 5148 states in the queue.
	17000 states explored in 0.53s, with 58670 rules fired and 5403 states in the queue.
	18000 states explored in 0.55s, with 62119 rules fired and 5643 states in the queue.
	19000 states explored in 0.58s, with 66289 rules fired and 5763 states in the queue.
	20000 states explored in 0.61s, with 70210 rules fired and 5997 states in the queue.
	21000 states explored in 0.64s, with 73926 rules fired and 6229 states in the queue.
	22000 states explored in 0.67s, with 78180 rules fired and 6375 states in the queue.
	23000 states explored in 0.70s, with 82915 rules fired and 6461 states in the queue.
	24000 states explored in 0.72s, with 86565 rules fired and 6657 states in the queue.
	25000 states explored in 0.74s, with 90041 rules fired and 6933 states in the queue.
	26000 states explored in 0.76s, with 93885 rules fired and 7143 states in the queue.
	27000 states explored in 0.78s, with 98142 rules fired and 7315 states in the queue.
	28000 states explored in 0.80s, with 101511 rules fired and 7679 states in the queue.
	29000 states explored in 0.82s, with 105073 rules fired and 7957 states in the queue.
	30000 states explored in 0.84s, with 109465 rules fired and 8021 states in the queue.
	31000 states explored in 0.86s, with 114392 rules fired and 8012 states in the queue.
	32000 states explored in 0.88s, with 118018 rules fired and 8198 states in the queue.
	33000 states explored in 0.90s, with 121096 rules fired and 8525 states in the queue.
	34000 states explored in 0.92s, with 124918 rules fired and 8745 states in the queue.
	35000 states explored in 0.94s, with 128144 rules fired and 9088 states in the queue.
	36000 states explored in 0.96s, with 132198 rules fired and 9276 states in the queue.
	37000 states explored in 0.98s, with 135721 rules fired and 9570 states in the queue.
	38000 states explored in 1.00s, with 139025 rules fired and 9900 states in the queue.
	39000 states explored in 1.02s, with 142875 rules fired and 10075 states in the queue.
	40000 states explored in 1.04s, with 147037 rules fired and 10231 states in the queue.
	41000 states explored in 1.07s, with 151718 rules fired and 10286 states in the queue.
	42000 states explored in 1.09s, with 155771 rules fired and 10437 states in the queue.
	43000 states explored in 1.11s, with 159443 rules fired and 10643 states in the queue.
	44000 states explored in 1.13s, with 162696 rules fired and 10904 states in the queue.
	45000 states explored in 1.15s, with 166513 rules fired and 11091 states in the queue.
	46000 states explored in 1.17s, with 169991 rules fired and 11329 states in the queue.
	47000 states explored in 1.19s, with 173704 rules fired and 11536 states in the queue.
	48000 states explored in 1.21s, with 177708 rules fired and 11745 states in the queue.
	49000 states explored in 1.23s, with 181434 rules fired and 11986 states in the queue.
	50000 states explored in 1.25s, with 184934 rules fired and 12286 states in the queue.
	51000 states explored in 1.27s, with 189243 rules fired and 12287 states in the queue.
	52000 states explored in 1.29s, with 193586 rules fired and 12472 states in the queue.
	53000 states explored in 1.32s, with 197648 rules fired and 12587 states in the queue.
	54000 states explored in 1.34s, with 202616 rules fired and 12601 states in the queue.
	55000 states explored in 1.36s, with 206292 rules fired and 12786 states in the queue.
	56000 states explored in 1.38s, with 210126 rules fired and 12973 states in the queue.
	57000 states explored in 1.40s, with 213170 rules fired and 13272 states in the queue.
	58000 states explored in 1.42s, with 216998 rules fired and 13415 states in the queue.
	59000 states explored in 1.44s, with 220661 rules fired and 13630 states in the queue.
	60000 states explored in 1.46s, with 224470 rules fired and 13816 states in the queue.
	61000 states explored in 1.48s, with 228236 rules fired and 13987 states in the queue.
	62000 states explored in 1.51s, with 232031 rules fired and 14220 states in the queue.
	63000 states explored in 1.52s, with 235606 rules fired and 14496 states in the queue.
	64000 states explored in 1.54s, with 239395 rules fired and 14706 states in the queue.
	65000 states explored in 1.57s, with 243374 rules fired and 14893 states in the queue.
	66000 states explored in 1.59s, with 247032 rules fired and 15030 states in the queue.
	67000 states explored in 1.61s, with 251451 rules fired and 15146 states in the queue.
	68000 states explored in 1.63s, with 255347 rules fired and 15312 states in the queue.
	69000 states explored in 1.66s, with 260426 rules fired and 15229 states in the queue.
	70000 states explored in 1.68s, with 263928 rules fired and 15407 states in the queue.
	71000 states explored in 1.70s, with 267533 rules fired and 15574 states in the queue.
	72000 states explored in 1.72s, with 271088 rules fired and 15790 states in the queue.
	73000 states explored in 1.74s, with 274587 rules fired and 15960 states in the queue.
	74000 states explored in 1.76s, with 278145 rules fired and 16179 states in the queue.
	75000 states explored in 1.78s, with 281739 rules fired and 16385 states in the queue.
	76000 states explored in 1.80s, with 285666 rules fired and 16547 states in the queue.
	77000 states explored in 1.82s, with 289559 rules fired and 16627 states in the queue.
	78000 states explored in 1.84s, with 293279 rules fired and 16814 states in the queue.
	79000 states explored in 1.86s, with 297036 rules fired and 17021 states in the queue.
	80000 states explored in 1.88s, with 300875 rules fired and 17207 states in the queue.
	81000 states explored in 1.91s, with 304671 rules fired and 17311 states in the queue.
	82000 states explored in 1.93s, with 308622 rules fired and 17496 states in the queue.
	83000 states explored in 1.95s, with 312957 rules fired and 17525 states in the queue.
	84000 states explored in 1.97s, with 316913 rules fired and 17618 states in the queue.
	85000 states explored in 1.99s, with 321355 rules fired and 17765 states in the queue.
	86000 states explored in 2.02s, with 325719 rules fired and 17758 states in the queue.
	87000 states explored in 2.04s, with 329796 rules fired and 17881 states in the queue.
	88000 states explored in 2.06s, with 333445 rules fired and 18005 states in the queue.
	89000 states explored in 2.08s, with 337346 rules fired and 18122 states in the queue.
	90000 states explored in 2.11s, with 341685 rules fired and 18150 states in the queue.
	91000 states explored in 2.13s, with 345536 rules fired and 18189 states in the queue.
	92000 states explored in 2.15s, with 349591 rules fired and 18208 states in the queue.
	93000 states explored in 2.17s, with 353535 rules fired and 18354 states in the queue.
	94000 states explored in 2.19s, with 357289 rules fired and 18501 states in the queue.
	95000 states explored in 2.22s, with 361562 rules fired and 18533 states in the queue.
	96000 states explored in 2.24s, with 365581 rules fired and 18588 states in the queue.
	97000 states explored in 2.26s, with 369471 rules fired and 18724 states in the queue.
	98000 states explored in 2.28s, with 373435 rules fired and 18895 states in the queue.
	99000 states explored in 2.30s, with 377292 rules fired and 19052 states in the queue.
	100000 states explored in 2.32s, with 381001 rules fired and 19236 states in the queue.
	101000 states explored in 2.34s, with 384812 rules fired and 19443 states in the queue.
	102000 states explored in 2.36s, with 388829 rules fired and 19573 states in the queue.
	103000 states explored in 2.39s, with 392936 rules fired and 19630 states in the queue.
	104000 states explored in 2.41s, with 396821 rules fired and 19817 states in the queue.
	105000 states explored in 2.43s, with 401200 rules fired and 19891 states in the queue.
	106000 states explored in 2.46s, with 405214 rules fired and 19988 states in the queue.
	107000 states explored in 2.48s, with 408853 rules fired and 20221 states in the queue.
	108000 states explored in 2.50s, with 412427 rules fired and 20380 states in the queue.
	109000 states explored in 2.52s, with 416261 rules fired and 20523 states in the queue.
	110000 states explored in 2.54s, with 419671 rules fired and 20752 states in the queue.
	111000 states explored in 2.56s, with 423807 rules fired and 20801 states in the queue.
	112000 states explored in 2.58s, with 427913 rules fired and 20777 states in the queue.
	113000 states explored in 2.60s, with 431728 rules fired and 20902 states in the queue.
	114000 states explored in 2.63s, with 435845 rules fired and 20987 states in the queue.
	115000 states explored in 2.65s, with 439633 rules fired and 21120 states in the queue.
	116000 states explored in 2.67s, with 443868 rules fired and 21167 states in the queue.
	117000 states explored in 2.69s, with 447484 rules fired and 21333 states in the queue.
	118000 states explored in 2.71s, with 451491 rules fired and 21391 states in the queue.
	119000 states explored in 2.73s, with 455174 rules fired and 21613 states in the queue.
	120000 states explored in 2.76s, with 459333 rules fired and 21795 states in the queue.
	121000 states explored in 2.78s, with 462873 rules fired and 21981 states in the queue.
	122000 states explored in 2.79s, with 466086 rules fired and 22266 states in the queue.
	123000 states explored in 2.81s, with 469856 rules fired and 22462 states in the queue.
	124000 states explored in 2.84s, with 473873 rules fired and 22612 states in the queue.
	125000 states explored in 2.86s, with 477339 rules fired and 22845 states in the queue.
	126000 states explored in 2.88s, with 481288 rules fired and 22934 states in the queue.
	127000 states explored in 2.90s, with 485221 rules fired and 23106 states in the queue.
	128000 states explored in 2.92s, with 489611 rules fired and 23144 states in the queue.
	129000 states explored in 2.95s, with 493662 rules fired and 23219 states in the queue.
	130000 states explored in 2.97s, with 497951 rules fired and 23247 states in the queue.
	131000 states explored in 2.99s, with 501810 rules fired and 23274 states in the queue.
	132000 states explored in 3.01s, with 505365 rules fired and 23440 states in the queue.
	133000 states explored in 3.03s, with 509192 rules fired and 23571 states in the queue.
	134000 states explored in 3.05s, with 512937 rules fired and 23694 states in the queue.
	135000 states explored in 3.08s, with 516596 rules fired and 23817 states in the queue.
	136000 states explored in 3.09s, with 520112 rules fired and 23958 states in the queue.
	137000 states explored in 3.12s, with 524052 rules fired and 23995 states in the queue.
	138000 states explored in 3.14s, with 528571 rules fired and 23949 states in the queue.
	139000 states explored in 3.16s, with 532417 rules fired and 24005 states in the queue.
	140000 states explored in 3.19s, with 536980 rules fired and 23971 states in the queue.
	141000 states explored in 3.21s, with 540764 rules fired and 24050 states in the queue.
	142000 states explored in 3.23s, with 544770 rules fired and 24090 states in the queue.
	143000 states explored in 3.26s, with 548947 rules fired and 24101 states in the queue.
	144000 states explored in 3.29s, with 552815 rules fired and 24307 states in the queue.
	145000 states explored in 3.34s, with 556848 rules fired and 24457 states in the queue.
	146000 states explored in 3.37s, with 560093 rules fired and 24694 states in the queue.
	147000 states explored in 3.40s, with 563915 rules fired and 24817 states in the queue.
	148000 states explored in 3.42s, with 567762 rules fired and 24969 states in the queue.
	149000 states explored in 3.46s, with 572197 rules fired and 24955 states in the queue.
	150000 states explored in 3.48s, with 575899 rules fired and 25114 states in the queue.
	151000 states explored in 3.52s, with 579926 rules fired and 25146 states in the queue.
	152000 states explored in 3.55s, with 584029 rules fired and 25247 states in the queue.
	153000 states explored in 3.58s, with 588204 rules fired and 25349 states in the queue.
	154000 states explored in 3.61s, with 592508 rules fired and 25415 states in the queue.
	155000 states explored in 3.64s, with 596386 rules fired and 25504 states in the queue.
	156000 states explored in 3.67s, with 600667 rules fired and 25526 states in the queue.
	157000 states explored in 3.70s, with 604465 rules fired and 25643 states in the queue.
	158000 states explored in 3.73s, with 608479 rules fired and 25697 states in the queue.
	159000 states explored in 3.76s, with 612575 rules fired and 25761 states in the queue.
	160000 states explored in 3.79s, with 616866 rules fired and 25757 states in the queue.
	161000 states explored in 3.81s, with 620079 rules fired and 26009 states in the queue.
	162000 states explored in 3.84s, with 623696 rules fired and 26138 states in the queue.
	163000 states explored in 3.87s, with 627636 rules fired and 26118 states in the queue.
	164000 states explored in 3.90s, with 631942 rules fired and 26135 states in the queue.
	165000 states explored in 3.93s, with 635761 rules fired and 26211 states in the queue.
	166000 states explored in 3.96s, with 640356 rules fired and 26172 states in the queue.
	167000 states explored in 3.99s, with 644208 rules fired and 26207 states in the queue.
	168000 states explored in 4.04s, with 647879 rules fired and 26327 states in the queue.
	169000 states explored in 4.06s, with 651609 rules fired and 26444 states in the queue.
	170000 states explored in 4.08s, with 655840 rules fired and 26518 states in the queue.
	171000 states explored in 4.11s, with 659983 rules fired and 26642 states in the queue.
	172000 states explored in 4.13s, with 663724 rules fired and 26838 states in the queue.
	173000 states explored in 4.15s, with 666821 rules fired and 27103 states in the queue.
	174000 states explored in 4.16s, with 670455 rules fired and 27289 states in the queue.
	175000 states explored in 4.19s, with 674159 rules fired and 27454 states in the queue.
	176000 states explored in 4.21s, with 678738 rules fired and 27425 states in the queue.
	177000 states explored in 4.23s, with 682513 rules fired and 27541 states in the queue.
	178000 states explored in 4.25s, with 686225 rules fired and 27694 states in the queue.
	179000 states explored in 4.27s, with 690170 rules fired and 27767 states in the queue.
	180000 states explored in 4.30s, with 694423 rules fired and 27813 states in the queue.
	181000 states explored in 4.32s, with 698605 rules fired and 27883 states in the queue.
	182000 states explored in 4.35s, with 702950 rules fired and 27909 states in the queue.
	183000 states explored in 4.37s, with 707089 rules fired and 27924 states in the queue.
	184000 states explored in 4.39s, with 711136 rules fired and 28023 states in the queue.
	185000 states explored in 4.41s, with 714811 rules fired and 28122 states in the queue.
	186000 states explored in 4.43s, with 718519 rules fired and 28252 states in the queue.
	187000 states explored in 4.46s, with 722466 rules fired and 28341 states in the queue.
	188000 states explored in 4.48s, with 726284 rules fired and 28441 states in the queue.
	189000 states explored in 4.50s, with 730194 rules fired and 28557 states in the queue.
	190000 states explored in 4.52s, with 733669 rules fired and 28785 states in the queue.
	191000 states explored in 4.54s, with 737519 rules fired and 28836 states in the queue.
	192000 states explored in 4.56s, with 741225 rules fired and 28930 states in the queue.
	193000 states explored in 4.59s, with 745316 rules fired and 28990 states in the queue.
	194000 states explored in 4.60s, with 748619 rules fired and 29180 states in the queue.
	195000 states explored in 4.63s, with 752836 rules fired and 29233 states in the queue.
	196000 states explored in 4.65s, with 756639 rules fired and 29296 states in the queue.
	197000 states explored in 4.67s, with 759938 rules fired and 29447 states in the queue.
	198000 states explored in 4.69s, with 763478 rules fired and 29609 states in the queue.
	199000 states explored in 4.71s, with 767693 rules fired and 29621 states in the queue.
	200000 states explored in 4.74s, with 771703 rules fired and 29770 states in the queue.
	201000 states explored in 4.76s, with 775733 rules fired and 29911 states in the queue.
	202000 states explored in 4.78s, with 779406 rules fired and 30079 states in the queue.
	203000 states explored in 4.80s, with 782378 rules fired and 30323 states in the queue.
	204000 states explored in 4.82s, with 785811 rules fired and 30503 states in the queue.
	205000 states explored in 4.84s, with 789502 rules fired and 30652 states in the queue.
	206000 states explored in 4.86s, with 793085 rules fired and 30847 states in the queue.
	207000 states explored in 4.88s, with 797467 rules fired and 30795 states in the queue.
	208000 states explored in 4.90s, with 801352 rules fired and 30902 states in the queue.
	209000 states explored in 4.92s, with 805072 rules fired and 31052 states in the queue.
	210000 states explored in 4.95s, with 809079 rules fired and 31105 states in the queue.
	211000 states explored in 4.97s, with 813387 rules fired and 31093 states in the queue.
	212000 states explored in 4.99s, with 817409 rules fired and 31186 states in the queue.
	213000 states explored in 5.02s, with 821574 rules fired and 31190 states in the queue.
	214000 states explored in 5.04s, with 825796 rules fired and 31215 states in the queue.
	215000 states explored in 5.06s, with 830011 rules fired and 31236 states in the queue.
	216000 states explored in 5.08s, with 833739 rules fired and 31317 states in the queue.
	217000 states explored in 5.11s, with 837541 rules fired and 31370 states in the queue.
	218000 states explored in 5.13s, with 841597 rules fired and 31428 states in the queue.
	219000 states explored in 5.15s, with 845800 rules fired and 31405 states in the queue.
	220000 states explored in 5.17s, with 849357 rules fired and 31582 states in the queue.
	221000 states explored in 5.19s, with 853427 rules fired and 31638 states in the queue.
	222000 states explored in 5.21s, with 857325 rules fired and 31746 states in the queue.
	223000 states explored in 5.24s, with 861136 rules fired and 31814 states in the queue.
	224000 states explored in 5.26s, with 864992 rules fired and 31894 states in the queue.
	225000 states explored in 5.28s, with 869355 rules fired and 31821 states in the queue.
	226000 states explored in 5.31s, with 873416 rules fired and 31768 states in the queue.
	227000 states explored in 5.33s, with 877207 rules fired and 31891 states in the queue.
	228000 states explored in 5.35s, with 881087 rules fired and 31932 states in the queue.
	229000 states explored in 5.37s, with 885218 rules fired and 31833 states in the queue.
	230000 states explored in 5.39s, with 889025 rules fired and 31911 states in the queue.
	231000 states explored in 5.42s, with 893392 rules fired and 31858 states in the queue.
	232000 states explored in 5.44s, with 897845 rules fired and 31844 states in the queue.
	233000 states explored in 5.47s, with 901969 rules fired and 31930 states in the queue.
	234000 states explored in 5.49s, with 906034 rules fired and 31966 states in the queue.
	235000 states explored in 5.51s, with 909720 rules fired and 32027 states in the queue.
	236000 states explored in 5.53s, with 913813 rules fired and 32011 states in the queue.
	237000 states explored in 5.56s, with 917931 rules fired and 32001 states in the queue.
	238000 states explored in 5.58s, with 922240 rules fired and 31960 states in the queue.
	239000 states explored in 5.60s, with 926109 rules fired and 32003 states in the queue.
	240000 states explored in 5.63s, with 930087 rules fired and 32063 states in the queue.
	241000 states explored in 5.65s, with 934119 rules fired and 32078 states in the queue.
	242000 states explored in 5.67s, with 938264 rules fired and 32037 states in the queue.
	243000 states explored in 5.70s, with 942539 rules fired and 32001 states in the queue.
	244000 states explored in 5.72s, with 946404 rules fired and 32120 states in the queue.
	245000 states explored in 5.74s, with 950062 rules fired and 32283 states in the queue.
	246000 states explored in 5.76s, with 954246 rules fired and 32347 states in the queue.
	247000 states explored in 5.79s, with 958482 rules fired and 32335 states in the queue.
	248000 states explored in 5.81s, with 961921 rules fired and 32505 states in the queue.
	249000 states explored in 5.83s, with 965819 rules fired and 32517 states in the queue.
	250000 states explored in 5.85s, with 970021 rules fired and 32489 states in the queue.
	251000 states explored in 5.88s, with 974204 rules fired and 32457 states in the queue.
	252000 states explored in 5.90s, with 977982 rules fired and 32529 states in the queue.
	253000 states explored in 5.92s, with 981660 rules fired and 32675 states in the queue.
	254000 states explored in 5.94s, with 985615 rules fired and 32696 states in the queue.
	255000 states explored in 5.97s, with 989669 rules fired and 32630 states in the queue.
	256000 states explored in 5.99s, with 993396 rules fired and 32693 states in the queue.
	257000 states explored in 6.03s, with 997230 rules fired and 32793 states in the queue.
	258000 states explored in 6.05s, with 1001451 rules fired and 32803 states in the queue.
	259000 states explored in 6.08s, with 1005297 rules fired and 32848 states in the queue.
	260000 states explored in 6.10s, with 1008853 rules fired and 33047 states in the queue.
	261000 states explored in 6.12s, with 1012544 rules fired and 33150 states in the queue.
	262000 states explored in 6.14s, with 1016230 rules fired and 33168 states in the queue.
	263000 states explored in 6.16s, with 1019786 rules fired and 33299 states in the queue.
	264000 states explored in 6.18s, with 1024154 rules fired and 33189 states in the queue.
	265000 states explored in 6.21s, with 1028473 rules fired and 33232 states in the queue.
	266000 states explored in 6.23s, with 1032804 rules fired and 33251 states in the queue.
	267000 states explored in 6.25s, with 1036601 rules fired and 33389 states in the queue.
	268000 states explored in 6.27s, with 1040047 rules fired and 33575 states in the queue.
	269000 states explored in 6.30s, with 1043891 rules fired and 33690 states in the queue.
	270000 states explored in 6.32s, with 1047958 rules fired and 33689 states in the queue.
	271000 states explored in 6.34s, with 1051659 rules fired and 33759 states in the queue.
	272000 states explored in 6.36s, with 1055737 rules fired and 33829 states in the queue.
	273000 states explored in 6.38s, with 1059179 rules fired and 34005 states in the queue.
	274000 states explored in 6.40s, with 1062698 rules fired and 34119 states in the queue.
	275000 states explored in 6.42s, with 1066593 rules fired and 34173 states in the queue.
	276000 states explored in 6.45s, with 1070692 rules fired and 34143 states in the queue.
	277000 states explored in 6.47s, with 1074778 rules fired and 34151 states in the queue.
	278000 states explored in 6.49s, with 1078798 rules fired and 34208 states in the queue.
	279000 states explored in 6.52s, with 1083200 rules fired and 34112 states in the queue.
	280000 states explored in 6.54s, with 1087488 rules fired and 34054 states in the queue.
	281000 states explored in 6.57s, with 1091955 rules fired and 33956 states in the queue.
	282000 states explored in 6.59s, with 1095942 rules fired and 33969 states in the queue.
	283000 states explored in 6.61s, with 1099652 rules fired and 34000 states in the queue.
	284000 states explored in 6.64s, with 1103869 rules fired and 33956 states in the queue.
	285000 states explored in 6.66s, with 1107882 rules fired and 33933 states in the queue.
	286000 states explored in 6.68s, with 1111588 rules fired and 34041 states in the queue.
	287000 states explored in 6.70s, with 1115765 rules fired and 34001 states in the queue.
	288000 states explored in 6.73s, with 1119749 rules fired and 34029 states in the queue.
	289000 states explored in 6.75s, with 1123806 rules fired and 33991 states in the queue.
	290000 states explored in 6.77s, with 1127585 rules fired and 34080 states in the queue.
	291000 states explored in 6.79s, with 1131513 rules fired and 34126 states in the queue.
	292000 states explored in 6.82s, with 1135556 rules fired and 34147 states in the queue.
	293000 states explored in 6.84s, with 1139180 rules fired and 34250 states in the queue.
	294000 states explored in 6.86s, with 1142927 rules fired and 34427 states in the queue.
	295000 states explored in 6.88s, with 1146880 rules fired and 34409 states in the queue.
	296000 states explored in 6.90s, with 1150332 rules fired and 34501 states in the queue.
	297000 states explored in 6.92s, with 1153887 rules fired and 34628 states in the queue.
	298000 states explored in 6.95s, with 1158006 rules fired and 34592 states in the queue.
	299000 states explored in 6.97s, with 1162013 rules fired and 34677 states in the queue.
	300000 states explored in 6.99s, with 1165940 rules fired and 34747 states in the queue.
	301000 states explored in 7.02s, with 1169958 rules fired and 34812 states in the queue.
	302000 states explored in 7.04s, with 1173868 rules fired and 34904 states in the queue.
	303000 states explored in 7.06s, with 1177379 rules fired and 35058 states in the queue.
	304000 states explored in 7.08s, with 1180942 rules fired and 35240 states in the queue.
	305000 states explored in 7.10s, with 1184740 rules fired and 35346 states in the queue.
	306000 states explored in 7.12s, with 1188900 rules fired and 35215 states in the queue.
	307000 states explored in 7.14s, with 1192681 rules fired and 35354 states in the queue.
	308000 states explored in 7.17s, with 1196668 rules fired and 35384 states in the queue.
	309000 states explored in 7.19s, with 1200691 rules fired and 35321 states in the queue.
	310000 states explored in 7.21s, with 1204355 rules fired and 35364 states in the queue.
	311000 states explored in 7.23s, with 1208486 rules fired and 35362 states in the queue.
	312000 states explored in 7.26s, with 1212473 rules fired and 35368 states in the queue.
	313000 states explored in 7.28s, with 1216423 rules fired and 35399 states in the queue.
	314000 states explored in 7.31s, with 1220541 rules fired and 35382 states in the queue.
	315000 states explored in 7.33s, with 1224780 rules fired and 35353 states in the queue.
	316000 states explored in 7.35s, with 1228716 rules fired and 35390 states in the queue.
	317000 states explored in 7.38s, with 1233234 rules fired and 35321 states in the queue.
	318000 states explored in 7.40s, with 1236982 rules fired and 35355 states in the queue.
	319000 states explored in 7.42s, with 1241158 rules fired and 35258 states in the queue.
	320000 states explored in 7.45s, with 1245409 rules fired and 35151 states in the queue.
	321000 states explored in 7.47s, with 1249278 rules fired and 35178 states in the queue.
	322000 states explored in 7.50s, with 1253752 rules fired and 35032 states in the queue.
	323000 states explored in 7.52s, with 1257667 rules fired and 35062 states in the queue.
	324000 states explored in 7.54s, with 1261780 rules fired and 35021 states in the queue.
	325000 states explored in 7.56s, with 1265754 rules fired and 34998 states in the queue.
	326000 states explored in 7.59s, with 1269970 rules fired and 34955 states in the queue.
	327000 states explored in 7.61s, with 1274110 rules fired and 34924 states in the queue.
	328000 states explored in 7.63s, with 1277885 rules fired and 34911 states in the queue.
	329000 states explored in 7.66s, with 1281621 rules fired and 35029 states in the queue.
	330000 states explored in 7.68s, with 1285585 rules fired and 35038 states in the queue.
	331000 states explored in 7.70s, with 1289213 rules fired and 35022 states in the queue.
	332000 states explored in 7.72s, with 1293212 rules fired and 34980 states in the queue.
	333000 states explored in 7.75s, with 1297020 rules fired and 35018 states in the queue.
	334000 states explored in 7.77s, with 1301046 rules fired and 35045 states in the queue.
	335000 states explored in 7.79s, with 1305069 rules fired and 35068 states in the queue.
	336000 states explored in 7.81s, with 1308966 rules fired and 35150 states in the queue.
	337000 states explored in 7.84s, with 1313084 rules fired and 35187 states in the queue.
	338000 states explored in 7.86s, with 1316998 rules fired and 35221 states in the queue.
	339000 states explored in 7.88s, with 1320866 rules fired and 35298 states in the queue.
	340000 states explored in 7.90s, with 1324360 rules fired and 35493 states in the queue.
	341000 states explored in 7.92s, with 1328265 rules fired and 35514 states in the queue.
	342000 states explored in 7.95s, with 1332040 rules fired and 35493 states in the queue.
	343000 states explored in 7.97s, with 1335613 rules fired and 35622 states in the queue.
	344000 states explored in 7.99s, with 1339895 rules fired and 35533 states in the queue.
	345000 states explored in 8.01s, with 1343509 rules fired and 35616 states in the queue.
	346000 states explored in 8.03s, with 1347271 rules fired and 35638 states in the queue.
	347000 states explored in 8.06s, with 1351076 rules fired and 35649 states in the queue.
	348000 states explored in 8.08s, with 1354843 rules fired and 35696 states in the queue.
	349000 states explored in 8.10s, with 1358756 rules fired and 35744 states in the queue.
	350000 states explored in 8.13s, with 1362839 rules fired and 35719 states in the queue.
	351000 states explored in 8.15s, with 1366778 rules fired and 35740 states in the queue.
	352000 states explored in 8.17s, with 1371099 rules fired and 35699 states in the queue.
	353000 states explored in 8.20s, with 1375458 rules fired and 35615 states in the queue.
	354000 states explored in 8.22s, with 1379146 rules fired and 35652 states in the queue.
	355000 states explored in 8.24s, with 1382921 rules fired and 35677 states in the queue.
	356000 states explored in 8.26s, with 1386683 rules fired and 35721 states in the queue.
	357000 states explored in 8.29s, with 1390587 rules fired and 35741 states in the queue.
	358000 states explored in 8.31s, with 1394569 rules fired and 35714 states in the queue.
	359000 states explored in 8.33s, with 1398239 rules fired and 35744 states in the queue.
	360000 states explored in 8.35s, with 1402000 rules fired and 35729 states in the queue.
	361000 states explored in 8.38s, with 1405871 rules fired and 35700 states in the queue.
	362000 states explored in 8.40s, with 1409894 rules fired and 35691 states in the queue.
	363000 states explored in 8.42s, with 1413794 rules fired and 35722 states in the queue.
	364000 states explored in 8.44s, with 1417393 rules fired and 35800 states in the queue.
	365000 states explored in 8.46s, with 1420945 rules fired and 35945 states in the queue.
	366000 states explored in 8.49s, with 1424755 rules fired and 35963 states in the queue.
	367000 states explored in 8.51s, with 1428341 rules fired and 35974 states in the queue.
	368000 states explored in 8.53s, with 1432220 rules fired and 35941 states in the queue.
	369000 states explored in 8.55s, with 1436366 rules fired and 35908 states in the queue.
	370000 states explored in 8.58s, with 1440438 rules fired and 35864 states in the queue.
	371000 states explored in 8.60s, with 1444196 rules fired and 35955 states in the queue.
	372000 states explored in 8.62s, with 1448082 rules fired and 36032 states in the queue.
	373000 states explored in 8.64s, with 1451971 rules fired and 36129 states in the queue.
	374000 states explored in 8.67s, with 1455812 rules fired and 36189 states in the queue.
	375000 states explored in 8.69s, with 1459434 rules fired and 36351 states in the queue.
	376000 states explored in 8.71s, with 1463120 rules fired and 36540 states in the queue.
	377000 states explored in 8.73s, with 1467190 rules fired and 36549 states in the queue.
	378000 states explored in 8.75s, with 1470430 rules fired and 36707 states in the queue.
	379000 states explored in 8.77s, with 1473983 rules fired and 36810 states in the queue.
	380000 states explored in 8.79s, with 1477739 rules fired and 36889 states in the queue.
	381000 states explored in 8.81s, with 1481449 rules fired and 36932 states in the queue.
	382000 states explored in 8.83s, with 1484680 rules fired and 37076 states in the queue.
	383000 states explored in 8.86s, with 1488493 rules fired and 37067 states in the queue.
	384000 states explored in 8.88s, with 1492562 rules fired and 37011 states in the queue.
	385000 states explored in 8.90s, with 1496512 rules fired and 37002 states in the queue.
	386000 states explored in 8.93s, with 1500490 rules fired and 37050 states in the queue.
	387000 states explored in 8.95s, with 1504667 rules fired and 36974 states in the queue.
	388000 states explored in 8.98s, with 1508973 rules fired and 36887 states in the queue.
	389000 states explored in 9.00s, with 1513481 rules fired and 36729 states in the queue.
	390000 states explored in 9.03s, with 1517602 rules fired and 36708 states in the queue.
	391000 states explored in 9.05s, with 1521283 rules fired and 36757 states in the queue.
	392000 states explored in 9.07s, with 1525167 rules fired and 36772 states in the queue.
	393000 states explored in 9.09s, with 1528811 rules fired and 36845 states in the queue.
	394000 states explored in 9.12s, with 1532801 rules fired and 36863 states in the queue.
	395000 states explored in 9.14s, with 1536714 rules fired and 36823 states in the queue.
	396000 states explored in 9.16s, with 1540827 rules fired and 36761 states in the queue.
	397000 states explored in 9.18s, with 1544353 rules fired and 36820 states in the queue.
	398000 states explored in 9.21s, with 1548343 rules fired and 36793 states in the queue.
	399000 states explored in 9.23s, with 1552421 rules fired and 36766 states in the queue.
	400000 states explored in 9.25s, with 1556319 rules fired and 36715 states in the queue.
	401000 states explored in 9.28s, with 1560006 rules fired and 36818 states in the queue.
	402000 states explored in 9.30s, with 1563533 rules fired and 37014 states in the queue.
	403000 states explored in 9.32s, with 1567386 rules fired and 36995 states in the queue.
	404000 states explored in 9.34s, with 1571219 rules fired and 36925 states in the queue.
	405000 states explored in 9.37s, with 1575537 rules fired and 36763 states in the queue.
	406000 states explored in 9.39s, with 1579651 rules fired and 36766 states in the queue.
	407000 states explored in 9.41s, with 1583377 rules fired and 36873 states in the queue.
	408000 states explored in 9.43s, with 1587231 rules fired and 36924 states in the queue.
	409000 states explored in 9.46s, with 1591209 rules fired and 36979 states in the queue.
	410000 states explored in 9.48s, with 1595436 rules fired and 36961 states in the queue.
	411000 states explored in 9.50s, with 1599211 rules fired and 37056 states in the queue.
	412000 states explored in 9.52s, with 1603105 rules fired and 37114 states in the queue.
	413000 states explored in 9.55s, with 1607165 rules fired and 37196 states in the queue.
	414000 states explored in 9.57s, with 1611194 rules fired and 37231 states in the queue.
	415000 states explored in 9.59s, with 1615327 rules fired and 37168 states in the queue.
	416000 states explored in 9.61s, with 1619116 rules fired and 37207 states in the queue.
	417000 states explored in 9.64s, with 1622639 rules fired and 37411 states in the queue.
	418000 states explored in 9.66s, with 1626389 rules fired and 37460 states in the queue.
	419000 states explored in 9.68s, with 1630482 rules fired and 37313 states in the queue.
	420000 states explored in 9.71s, with 1634804 rules fired and 37118 states in the queue.
	421000 states explored in 9.73s, with 1638817 rules fired and 37085 states in the queue.
	422000 states explored in 9.75s, with 1642612 rules fired and 37150 states in the queue.
	423000 states explored in 9.77s, with 1646458 rules fired and 37199 states in the queue.
	424000 states explored in 9.80s, with 1650709 rules fired and 37161 states in the queue.
	425000 states explored in 9.82s, with 1654767 rules fired and 37119 states in the queue.
	426000 states explored in 9.85s, with 1658939 rules fired and 37079 states in the queue.
	427000 states explored in 9.87s, with 1663111 rules fired and 37004 states in the queue.
	428000 states explored in 9.90s, with 1667271 rules fired and 36876 states in the queue.
	429000 states explored in 9.92s, with 1671196 rules fired and 36850 states in the queue.
	430000 states explored in 9.94s, with 1675269 rules fired and 36846 states in the queue.
	431000 states explored in 9.97s, with 1679284 rules fired and 36835 states in the queue.
	432000 states explored in 9.99s, with 1683236 rules fired and 36782 states in the queue.
	433000 states explored in 10.01s, with 1686933 rules fired and 36854 states in the queue.
	434000 states explored in 10.03s, with 1690605 rules fired and 36810 states in the queue.
	435000 states explored in 10.06s, with 1694503 rules fired and 36848 states in the queue.
	436000 states explored in 10.08s, with 1698366 rules fired and 36875 states in the queue.
	437000 states explored in 10.10s, with 1702212 rules fired and 36835 states in the queue.
	438000 states explored in 10.12s, with 1706058 rules fired and 36860 states in the queue.
	439000 states explored in 10.15s, with 1709601 rules fired and 36972 states in the queue.
	440000 states explored in 10.17s, with 1713489 rules fired and 36988 states in the queue.
	441000 states explored in 10.19s, with 1716932 rules fired and 36994 states in the queue.
	442000 states explored in 10.21s, with 1721136 rules fired and 36862 states in the queue.
	443000 states explored in 10.24s, with 1725015 rules fired and 36915 states in the queue.
	444000 states explored in 10.26s, with 1729461 rules fired and 36788 states in the queue.
	445000 states explored in 10.29s, with 1733550 rules fired and 36770 states in the queue.
	446000 states explored in 10.31s, with 1737810 rules fired and 36732 states in the queue.
	447000 states explored in 10.34s, with 1741937 rules fired and 36731 states in the queue.
	448000 states explored in 10.36s, with 1745986 rules fired and 36703 states in the queue.
	449000 states explored in 10.38s, with 1750319 rules fired and 36602 states in the queue.
	450000 states explored in 10.41s, with 1754230 rules fired and 36695 states in the queue.
	451000 states explored in 10.43s, with 1758495 rules fired and 36596 states in the queue.
	452000 states explored in 10.45s, with 1762356 rules fired and 36580 states in the queue.
	453000 states explored in 10.48s, with 1766378 rules fired and 36549 states in the queue.
	454000 states explored in 10.50s, with 1770117 rules fired and 36617 states in the queue.
	455000 states explored in 10.52s, with 1773640 rules fired and 36715 states in the queue.
	456000 states explored in 10.54s, with 1777189 rules fired and 36714 states in the queue.
	457000 states explored in 10.56s, with 1781054 rules fired and 36700 states in the queue.
	458000 states explored in 10.59s, with 1785065 rules fired and 36626 states in the queue.
	459000 states explored in 10.61s, with 1789109 rules fired and 36548 states in the queue.
	460000 states explored in 10.64s, with 1793388 rules fired and 36465 states in the queue.
	461000 states explored in 10.66s, with 1797804 rules fired and 36339 states in the queue.
	462000 states explored in 10.69s, with 1801804 rules fired and 36300 states in the queue.
	463000 states explored in 10.71s, with 1806129 rules fired and 36173 states in the queue.
	464000 states explored in 10.74s, with 1809965 rules fired and 36207 states in the queue.
	465000 states explored in 10.76s, with 1813883 rules fired and 36183 states in the queue.
	466000 states explored in 10.78s, with 1818006 rules fired and 36150 states in the queue.
	467000 states explored in 10.81s, with 1822005 rules fired and 36102 states in the queue.
	468000 states explored in 10.83s, with 1825983 rules fired and 36007 states in the queue.
	469000 states explored in 10.86s, with 1829958 rules fired and 35865 states in the queue.
	470000 states explored in 10.88s, with 1833756 rules fired and 35791 states in the queue.
	471000 states explored in 10.90s, with 1837784 rules fired and 35748 states in the queue.
	472000 states explored in 10.93s, with 1841854 rules fired and 35645 states in the queue.
	473000 states explored in 10.95s, with 1845644 rules fired and 35618 states in the queue.
	474000 states explored in 10.97s, with 1849611 rules fired and 35636 states in the queue.
	475000 states explored in 11.00s, with 1853719 rules fired and 35581 states in the queue.
	476000 states explored in 11.02s, with 1857564 rules fired and 35514 states in the queue.
	477000 states explored in 11.04s, with 1861453 rules fired and 35423 states in the queue.
	478000 states explored in 11.07s, with 1865676 rules fired and 35299 states in the queue.
	479000 states explored in 11.09s, with 1869846 rules fired and 35212 states in the queue.
	480000 states explored in 11.12s, with 1873727 rules fired and 35197 states in the queue.
	481000 states explored in 11.14s, with 1877900 rules fired and 35138 states in the queue.
	482000 states explored in 11.17s, with 1882118 rules fired and 35106 states in the queue.
	483000 states explored in 11.19s, with 1886189 rules fired and 35070 states in the queue.
	484000 states explored in 11.21s, with 1890351 rules fired and 35019 states in the queue.
	485000 states explored in 11.24s, with 1894481 rules fired and 35098 states in the queue.
	486000 states explored in 11.26s, with 1898553 rules fired and 35091 states in the queue.
	487000 states explored in 11.28s, with 1902107 rules fired and 35175 states in the queue.
	488000 states explored in 11.31s, with 1906082 rules fired and 35158 states in the queue.
	489000 states explored in 11.33s, with 1910302 rules fired and 35103 states in the queue.
	490000 states explored in 11.36s, with 1914445 rules fired and 35018 states in the queue.
	491000 states explored in 11.38s, with 1917758 rules fired and 35131 states in the queue.
	492000 states explored in 11.40s, with 1921907 rules fired and 35033 states in the queue.
	493000 states explored in 11.42s, with 1925904 rules fired and 35009 states in the queue.
	494000 states explored in 11.45s, with 1929997 rules fired and 34904 states in the queue.
	495000 states explored in 11.47s, with 1934043 rules fired and 34928 states in the queue.
	496000 states explored in 11.50s, with 1938272 rules fired and 34852 states in the queue.
	497000 states explored in 11.52s, with 1942461 rules fired and 34709 states in the queue.
	498000 states explored in 11.55s, with 1946251 rules fired and 34775 states in the queue.
	499000 states explored in 11.57s, with 1950160 rules fired and 34795 states in the queue.
	500000 states explored in 11.59s, with 1954147 rules fired and 34745 states in the queue.
	501000 states explored in 11.62s, with 1958464 rules fired and 34629 states in the queue.
	502000 states explored in 11.64s, with 1962772 rules fired and 34522 states in the queue.
	503000 states explored in 11.67s, with 1967443 rules fired and 34300 states in the queue.
	504000 states explored in 11.69s, with 1971402 rules fired and 34246 states in the queue.
	505000 states explored in 11.72s, with 1975394 rules fired and 34193 states in the queue.
	506000 states explored in 11.74s, with 1979669 rules fired and 34039 states in the queue.
	507000 states explored in 11.77s, with 1983738 rules fired and 33922 states in the queue.
	508000 states explored in 11.79s, with 1987930 rules fired and 33889 states in the queue.
	509000 states explored in 11.82s, with 1992310 rules fired and 33746 states in the queue.
	510000 states explored in 11.84s, with 1996089 rules fired and 33727 states in the queue.
	511000 states explored in 11.86s, with 2000148 rules fired and 33638 states in the queue.
	512000 states explored in 11.89s, with 2004478 rules fired and 33552 states in the queue.
	513000 states explored in 11.91s, with 2008261 rules fired and 33588 states in the queue.
	514000 states explored in 11.94s, with 2012340 rules fired and 33509 states in the queue.
	515000 states explored in 11.96s, with 2016627 rules fired and 33407 states in the queue.
	516000 states explored in 11.99s, with 2020990 rules fired and 33265 states in the queue.
	517000 states explored in 12.01s, with 2025599 rules fired and 33045 states in the queue.
	518000 states explored in 12.04s, with 2029796 rules fired and 33047 states in the queue.
	519000 states explored in 12.06s, with 2033861 rules fired and 33041 states in the queue.
	520000 states explored in 12.09s, with 2037686 rules fired and 33042 states in the queue.
	521000 states explored in 12.11s, with 2042212 rules fired and 32855 states in the queue.
	522000 states explored in 12.14s, with 2046453 rules fired and 32830 states in the queue.
	523000 states explored in 12.16s, with 2050233 rules fired and 32849 states in the queue.
	524000 states explored in 12.18s, with 2054222 rules fired and 32726 states in the queue.
	525000 states explored in 12.21s, with 2058084 rules fired and 32672 states in the queue.
	526000 states explored in 12.23s, with 2061820 rules fired and 32696 states in the queue.
	527000 states explored in 12.26s, with 2065863 rules fired and 32647 states in the queue.
	528000 states explored in 12.28s, with 2070011 rules fired and 32587 states in the queue.
	529000 states explored in 12.30s, with 2073905 rules fired and 32525 states in the queue.
	530000 states explored in 12.33s, with 2078127 rules fired and 32370 states in the queue.
	531000 states explored in 12.35s, with 2082229 rules fired and 32281 states in the queue.
	532000 states explored in 12.38s, with 2086444 rules fired and 32139 states in the queue.
	533000 states explored in 12.40s, with 2090417 rules fired and 32113 states in the queue.
	534000 states explored in 12.43s, with 2094717 rules fired and 31973 states in the queue.
	535000 states explored in 12.45s, with 2098572 rules fired and 32011 states in the queue.
	536000 states explored in 12.47s, with 2102300 rules fired and 32012 states in the queue.
	537000 states explored in 12.50s, with 2106148 rules fired and 31982 states in the queue.
	538000 states explored in 12.52s, with 2110153 rules fired and 31889 states in the queue.
	539000 states explored in 12.54s, with 2113969 rules fired and 31816 states in the queue.
	540000 states explored in 12.57s, with 2118125 rules fired and 31741 states in the queue.
	541000 states explored in 12.59s, with 2122227 rules fired and 31667 states in the queue.
	542000 states explored in 12.62s, with 2125752 rules fired and 31629 states in the queue.
	543000 states explored in 12.64s, with 2129886 rules fired and 31495 states in the queue.
	544000 states explored in 12.67s, with 2134114 rules fired and 31432 states in the queue.
	545000 states explored in 12.69s, with 2137892 rules fired and 31397 states in the queue.
	546000 states explored in 12.71s, with 2141706 rules fired and 31408 states in the queue.
	547000 states explored in 12.74s, with 2145624 rules fired and 31375 states in the queue.
	548000 states explored in 12.76s, with 2149671 rules fired and 31282 states in the queue.
	549000 states explored in 12.78s, with 2153301 rules fired and 31348 states in the queue.
	550000 states explored in 12.81s, with 2157625 rules fired and 31188 states in the queue.
	551000 states explored in 12.83s, with 2161789 rules fired and 31104 states in the queue.
	552000 states explored in 12.86s, with 2165741 rules fired and 31023 states in the queue.
	553000 states explored in 12.88s, with 2169986 rules fired and 30926 states in the queue.
	554000 states explored in 12.91s, with 2174018 rules fired and 30810 states in the queue.
	555000 states explored in 12.93s, with 2177777 rules fired and 30749 states in the queue.
	556000 states explored in 12.96s, with 2181829 rules fired and 30579 states in the queue.
	557000 states explored in 12.98s, with 2185918 rules fired and 30414 states in the queue.
	558000 states explored in 13.01s, with 2189962 rules fired and 30321 states in the queue.
	559000 states explored in 13.03s, with 2194058 rules fired and 30243 states in the queue.
	560000 states explored in 13.06s, with 2198660 rules fired and 30008 states in the queue.
	561000 states explored in 13.08s, with 2202780 rules fired and 29950 states in the queue.
	562000 states explored in 13.11s, with 2206799 rules fired and 29847 states in the queue.
	563000 states explored in 13.13s, with 2210583 rules fired and 29844 states in the queue.
	564000 states explored in 13.16s, with 2214578 rules fired and 29715 states in the queue.
	565000 states explored in 13.18s, with 2218841 rules fired and 29503 states in the queue.
	566000 states explored in 13.21s, with 2222785 rules fired and 29411 states in the queue.
	567000 states explored in 13.23s, with 2226727 rules fired and 29327 states in the queue.
	568000 states explored in 13.25s, with 2230416 rules fired and 29272 states in the queue.
	569000 states explored in 13.28s, with 2234674 rules fired and 29174 states in the queue.
	570000 states explored in 13.30s, with 2238611 rules fired and 29131 states in the queue.
	571000 states explored in 13.32s, with 2242345 rules fired and 29036 states in the queue.
	572000 states explored in 13.35s, with 2246567 rules fired and 28820 states in the queue.
	573000 states explored in 13.37s, with 2250579 rules fired and 28766 states in the queue.
	574000 states explored in 13.40s, with 2254621 rules fired and 28637 states in the queue.
	575000 states explored in 13.42s, with 2258550 rules fired and 28668 states in the queue.
	576000 states explored in 13.45s, with 2262249 rules fired and 28689 states in the queue.
	577000 states explored in 13.47s, with 2266271 rules fired and 28629 states in the queue.
	578000 states explored in 13.50s, with 2270359 rules fired and 28595 states in the queue.
	579000 states explored in 13.52s, with 2274527 rules fired and 28469 states in the queue.
	580000 states explored in 13.54s, with 2278398 rules fired and 28369 states in the queue.
	581000 states explored in 13.57s, with 2282755 rules fired and 28227 states in the queue.
	582000 states explored in 13.60s, with 2286970 rules fired and 28111 states in the queue.
	583000 states explored in 13.62s, with 2290781 rules fired and 28052 states in the queue.
	584000 states explored in 13.64s, with 2294940 rules fired and 27889 states in the queue.
	585000 states explored in 13.67s, with 2298925 rules fired and 27778 states in the queue.
	586000 states explored in 13.69s, with 2302713 rules fired and 27789 states in the queue.
	587000 states explored in 13.72s, with 2306664 rules fired and 27712 states in the queue.
	588000 states explored in 13.74s, with 2310550 rules fired and 27690 states in the queue.
	589000 states explored in 13.76s, with 2314447 rules fired and 27683 states in the queue.
	590000 states explored in 13.79s, with 2318278 rules fired and 27641 states in the queue.
	591000 states explored in 13.81s, with 2321969 rules fired and 27693 states in the queue.
	592000 states explored in 13.84s, with 2326155 rules fired and 27524 states in the queue.
	593000 states explored in 13.86s, with 2330100 rules fired and 27430 states in the queue.
	594000 states explored in 13.89s, with 2334203 rules fired and 27332 states in the queue.
	595000 states explored in 13.91s, with 2338193 rules fired and 27175 states in the queue.
	596000 states explored in 13.93s, with 2342335 rules fired and 27089 states in the queue.
	597000 states explored in 13.96s, with 2346147 rules fired and 27090 states in the queue.
	598000 states explored in 13.98s, with 2349732 rules fired and 27059 states in the queue.
	599000 states explored in 14.00s, with 2353517 rules fired and 27097 states in the queue.
	600000 states explored in 14.03s, with 2357867 rules fired and 26955 states in the queue.
	601000 states explored in 14.05s, with 2361947 rules fired and 26852 states in the queue.
	602000 states explored in 14.08s, with 2366332 rules fired and 26710 states in the queue.
	603000 states explored in 14.11s, with 2370497 rules fired and 26599 states in the queue.
	604000 states explored in 14.13s, with 2374486 rules fired and 26611 states in the queue.
	605000 states explored in 14.15s, with 2378140 rules fired and 26686 states in the queue.
	606000 states explored in 14.18s, with 2381867 rules fired and 26713 states in the queue.
	607000 states explored in 14.20s, with 2385883 rules fired and 26612 states in the queue.
	608000 states explored in 14.23s, with 2389991 rules fired and 26543 states in the queue.
	609000 states explored in 14.25s, with 2393735 rules fired and 26512 states in the queue.
	610000 states explored in 14.27s, with 2397206 rules fired and 26550 states in the queue.
	611000 states explored in 14.29s, with 2400752 rules fired and 26561 states in the queue.
	612000 states explored in 14.32s, with 2404630 rules fired and 26538 states in the queue.
	613000 states explored in 14.34s, with 2408906 rules fired and 26331 states in the queue.
	614000 states explored in 14.37s, with 2413025 rules fired and 26152 states in the queue.
	615000 states explored in 14.40s, with 2417618 rules fired and 25811 states in the queue.
	616000 states explored in 14.42s, with 2421382 rules fired and 25813 states in the queue.
	617000 states explored in 14.44s, with 2425289 rules fired and 25745 states in the queue.
	618000 states explored in 14.47s, with 2428798 rules fired and 25744 states in the queue.
	619000 states explored in 14.49s, with 2432607 rules fired and 25670 states in the queue.
	620000 states explored in 14.51s, with 2436507 rules fired and 25528 states in the queue.
	621000 states explored in 14.54s, with 2440374 rules fired and 25444 states in the queue.
	622000 states explored in 14.56s, with 2444527 rules fired and 25284 states in the queue.
	623000 states explored in 14.59s, with 2448216 rules fired and 25169 states in the queue.
	624000 states explored in 14.61s, with 2452185 rules fired and 24951 states in the queue.
	625000 states explored in 14.64s, with 2456161 rules fired and 24883 states in the queue.
	626000 states explored in 14.66s, with 2460278 rules fired and 24834 states in the queue.
	627000 states explored in 14.69s, with 2464267 rules fired and 24864 states in the queue.
	628000 states explored in 14.71s, with 2468363 rules fired and 24773 states in the queue.
	629000 states explored in 14.74s, with 2472596 rules fired and 24582 states in the queue.
	630000 states explored in 14.76s, with 2476925 rules fired and 24286 states in the queue.
	631000 states explored in 14.79s, with 2480571 rules fired and 24247 states in the queue.
	632000 states explored in 14.81s, with 2484706 rules fired and 24135 states in the queue.
	633000 states explored in 14.84s, with 2488830 rules fired and 23910 states in the queue.
	634000 states explored in 14.86s, with 2492884 rules fired and 23662 states in the queue.
	635000 states explored in 14.89s, with 2496947 rules fired and 23482 states in the queue.
	636000 states explored in 14.92s, with 2501181 rules fired and 23350 states in the queue.
	637000 states explored in 14.94s, with 2505419 rules fired and 23226 states in the queue.
	638000 states explored in 14.97s, with 2510073 rules fired and 22917 states in the queue.
	639000 states explored in 15.00s, with 2514178 rules fired and 22791 states in the queue.
	640000 states explored in 15.02s, with 2518222 rules fired and 22644 states in the queue.
	641000 states explored in 15.05s, with 2522453 rules fired and 22403 states in the queue.
	642000 states explored in 15.07s, with 2526611 rules fired and 22217 states in the queue.
	643000 states explored in 15.10s, with 2530512 rules fired and 22145 states in the queue.
	644000 states explored in 15.12s, with 2534384 rules fired and 22160 states in the queue.
	645000 states explored in 15.15s, with 2538494 rules fired and 21981 states in the queue.
	646000 states explored in 15.18s, with 2543329 rules fired and 21555 states in the queue.
	647000 states explored in 15.20s, with 2547417 rules fired and 21422 states in the queue.
	648000 states explored in 15.23s, with 2551650 rules fired and 21452 states in the queue.
	649000 states explored in 15.25s, with 2555761 rules fired and 21358 states in the queue.
	650000 states explored in 15.28s, with 2560692 rules fired and 21032 states in the queue.
	651000 states explored in 15.31s, with 2565444 rules fired and 20717 states in the queue.
	652000 states explored in 15.34s, with 2569189 rules fired and 20742 states in the queue.
	653000 states explored in 15.36s, with 2573166 rules fired and 20728 states in the queue.
	654000 states explored in 15.38s, with 2576925 rules fired and 20716 states in the queue.
	655000 states explored in 15.41s, with 2581699 rules fired and 20342 states in the queue.
	656000 states explored in 15.44s, with 2585741 rules fired and 20221 states in the queue.
	657000 states explored in 15.46s, with 2589651 rules fired and 20085 states in the queue.
	658000 states explored in 15.49s, with 2593338 rules fired and 20140 states in the queue.
	659000 states explored in 15.51s, with 2597462 rules fired and 20000 states in the queue.
	660000 states explored in 15.54s, with 2601264 rules fired and 19938 states in the queue.
	661000 states explored in 15.56s, with 2605281 rules fired and 19768 states in the queue.
	662000 states explored in 15.59s, with 2609131 rules fired and 19745 states in the queue.
	663000 states explored in 15.61s, with 2612923 rules fired and 19686 states in the queue.
	664000 states explored in 15.64s, with 2616678 rules fired and 19619 states in the queue.
	665000 states explored in 15.66s, with 2620467 rules fired and 19587 states in the queue.
	666000 states explored in 15.68s, with 2624633 rules fired and 19535 states in the queue.
	667000 states explored in 15.71s, with 2629073 rules fired and 19360 states in the queue.
	668000 states explored in 15.74s, with 2633511 rules fired and 19160 states in the queue.
	669000 states explored in 15.76s, with 2637596 rules fired and 19147 states in the queue.
	670000 states explored in 15.79s, with 2641275 rules fired and 19231 states in the queue.
	671000 states explored in 15.81s, with 2645245 rules fired and 19131 states in the queue.
	672000 states explored in 15.84s, with 2649002 rules fired and 19074 states in the queue.
	673000 states explored in 15.86s, with 2652723 rules fired and 18946 states in the queue.
	674000 states explored in 15.89s, with 2656469 rules fired and 18896 states in the queue.
	675000 states explored in 15.91s, with 2660630 rules fired and 18751 states in the queue.
	676000 states explored in 15.94s, with 2664914 rules fired and 18536 states in the queue.
	677000 states explored in 15.96s, with 2669047 rules fired and 18370 states in the queue.
	678000 states explored in 15.99s, with 2673207 rules fired and 18206 states in the queue.
	679000 states explored in 16.01s, with 2676720 rules fired and 18123 states in the queue.
	680000 states explored in 16.04s, with 2680648 rules fired and 17918 states in the queue.
	681000 states explored in 16.07s, with 2685133 rules fired and 17622 states in the queue.
	682000 states explored in 16.09s, with 2689235 rules fired and 17384 states in the queue.
	683000 states explored in 16.12s, with 2693087 rules fired and 17219 states in the queue.
	684000 states explored in 16.14s, with 2697254 rules fired and 17080 states in the queue.
	685000 states explored in 16.17s, with 2701475 rules fired and 17001 states in the queue.
	686000 states explored in 16.20s, with 2705545 rules fired and 16876 states in the queue.
	687000 states explored in 16.22s, with 2709421 rules fired and 16687 states in the queue.
	688000 states explored in 16.25s, with 2714231 rules fired and 16286 states in the queue.
	689000 states explored in 16.28s, with 2718065 rules fired and 16166 states in the queue.
	690000 states explored in 16.30s, with 2722050 rules fired and 16012 states in the queue.
	691000 states explored in 16.33s, with 2726241 rules fired and 15868 states in the queue.
	692000 states explored in 16.35s, with 2730388 rules fired and 15738 states in the queue.
	693000 states explored in 16.38s, with 2734402 rules fired and 15631 states in the queue.
	694000 states explored in 16.41s, with 2738931 rules fired and 15291 states in the queue.
	695000 states explored in 16.44s, with 2743119 rules fired and 15065 states in the queue.
	696000 states explored in 16.46s, with 2747160 rules fired and 14960 states in the queue.
	697000 states explored in 16.49s, with 2751049 rules fired and 14871 states in the queue.
	698000 states explored in 16.51s, with 2755124 rules fired and 14689 states in the queue.
	699000 states explored in 16.54s, with 2759179 rules fired and 14688 states in the queue.
	700000 states explored in 16.56s, with 2763438 rules fired and 14537 states in the queue.
	701000 states explored in 16.59s, with 2767621 rules fired and 14424 states in the queue.
	702000 states explored in 16.65s, with 2771601 rules fired and 14311 states in the queue.
	703000 states explored in 16.69s, with 2775215 rules fired and 14386 states in the queue.
	704000 states explored in 16.72s, with 2778953 rules fired and 14347 states in the queue.
	705000 states explored in 16.76s, with 2782957 rules fired and 14199 states in the queue.
	706000 states explored in 16.79s, with 2786736 rules fired and 14114 states in the queue.
	707000 states explored in 16.83s, with 2790817 rules fired and 13967 states in the queue.
	708000 states explored in 16.86s, with 2794883 rules fired and 13771 states in the queue.
	709000 states explored in 16.90s, with 2798685 rules fired and 13635 states in the queue.
	710000 states explored in 16.93s, with 2802294 rules fired and 13625 states in the queue.
	711000 states explored in 16.96s, with 2806011 rules fired and 13487 states in the queue.
	712000 states explored in 16.99s, with 2809627 rules fired and 13522 states in the queue.
	713000 states explored in 17.03s, with 2814364 rules fired and 13236 states in the queue.
	714000 states explored in 17.06s, with 2817928 rules fired and 13255 states in the queue.
	715000 states explored in 17.10s, with 2821620 rules fired and 13170 states in the queue.
	716000 states explored in 17.13s, with 2825348 rules fired and 13089 states in the queue.
	717000 states explored in 17.16s, with 2829208 rules fired and 12856 states in the queue.
	718000 states explored in 17.20s, with 2833441 rules fired and 12719 states in the queue.
	719000 states explored in 17.24s, with 2837815 rules fired and 12478 states in the queue.
	720000 states explored in 17.27s, with 2841644 rules fired and 12423 states in the queue.
	721000 states explored in 17.30s, with 2845875 rules fired and 12063 states in the queue.
	722000 states explored in 17.33s, with 2850138 rules fired and 11713 states in the queue.
	723000 states explored in 17.36s, with 2854439 rules fired and 11324 states in the queue.
	724000 states explored in 17.39s, with 2859357 rules fired and 11030 states in the queue.
	725000 states explored in 17.42s, with 2863936 rules fired and 10634 states in the queue.
	726000 states explored in 17.45s, with 2868373 rules fired and 10239 states in the queue.
	727000 states explored in 17.48s, with 2873233 rules fired and 9811 states in the queue.
	728000 states explored in 17.51s, with 2877393 rules fired and 9612 states in the queue.
	729000 states explored in 17.54s, with 2881481 rules fired and 9438 states in the queue.
	730000 states explored in 17.56s, with 2885504 rules fired and 9300 states in the queue.
	731000 states explored in 17.59s, with 2889518 rules fired and 9171 states in the queue.
	732000 states explored in 17.62s, with 2894070 rules fired and 8881 states in the queue.
	733000 states explored in 17.65s, with 2898446 rules fired and 8740 states in the queue.
	734000 states explored in 17.67s, with 2902319 rules fired and 8721 states in the queue.
	735000 states explored in 17.70s, with 2906459 rules fired and 8539 states in the queue.
	736000 states explored in 17.73s, with 2911030 rules fired and 8160 states in the queue.
	737000 states explored in 17.76s, with 2915473 rules fired and 7844 states in the queue.
	738000 states explored in 17.79s, with 2919070 rules fired and 7784 states in the queue.
	739000 states explored in 17.81s, with 2922953 rules fired and 7617 states in the queue.
	740000 states explored in 17.84s, with 2927080 rules fired and 7451 states in the queue.
	741000 states explored in 17.87s, with 2930918 rules fired and 7336 states in the queue.
	742000 states explored in 17.89s, with 2934706 rules fired and 7176 states in the queue.
	743000 states explored in 17.92s, with 2939040 rules fired and 6905 states in the queue.
	744000 states explored in 17.95s, with 2943615 rules fired and 6594 states in the queue.
	745000 states explored in 17.98s, with 2947737 rules fired and 6345 states in the queue.
	746000 states explored in 18.01s, with 2952553 rules fired and 5839 states in the queue.
	747000 states explored in 18.05s, with 2957251 rules fired and 5381 states in the queue.
	748000 states explored in 18.07s, with 2961293 rules fired and 5194 states in the queue.
	749000 states explored in 18.10s, with 2965518 rules fired and 4961 states in the queue.
	750000 states explored in 18.13s, with 2969162 rules fired and 4910 states in the queue.
	751000 states explored in 18.16s, with 2973124 rules fired and 4760 states in the queue.
	752000 states explored in 18.18s, with 2976737 rules fired and 4704 states in the queue.
	753000 states explored in 18.21s, with 2980918 rules fired and 4418 states in the queue.
	754000 states explored in 18.24s, with 2985314 rules fired and 4028 states in the queue.
	755000 states explored in 18.27s, with 2989244 rules fired and 3793 states in the queue.
	756000 states explored in 18.30s, with 2993741 rules fired and 3395 states in the queue.
	757000 states explored in 18.34s, with 2999060 rules fired and 2723 states in the queue.
	758000 states explored in 18.37s, with 3003591 rules fired and 2440 states in the queue.
	759000 states explored in 18.40s, with 3007821 rules fired and 2175 states in the queue.
	760000 states explored in 18.42s, with 3011118 rules fired and 2251 states in the queue.
	761000 states explored in 18.45s, with 3015049 rules fired and 2054 states in the queue.
	762000 states explored in 18.48s, with 3019622 rules fired and 1608 states in the queue.
	763000 states explored in 18.52s, with 3024874 rules fired and 923 states in the queue.
	764000 states explored in 18.56s, with 3030163 rules fired and 240 states in the queue.

==========================================================================

Status:

	No error found.

State Space Explored:

	764359 states, 3031988 rules fired in 18.57s.

Analysis of State Space:

	There are rules that are never fired.
	If you are running with symmetry, this may be why.  Otherwise,
	please run this program with "-pr" for the rules information.
	The maximum size for the multiset "HomeNode.sharers" is: 3.
	The maximum size for the multiset "Net[HomeType]" is: 4.
	The maximum size for the multiset "Net[Proc_1]" is: 4.
	The maximum size for the multiset "Net[Proc_2]" is: 2.
	The maximum size for the multiset "Net[Proc_3]" is: 2.
